This is TeX, Version 3.141592 (Web2C 7.5.6) (format=tex 2011.9.20)  8 OCT 2012 10:06
**natbib.ins
(./natbib.ins (/usr/share/texmf/tex/latex/base/docstrip.tex
\blockLevel=\count26
\emptyLines=\count27
\processedLines=\count28
\commentsRemoved=\count29
\commentsPassed=\count30
\codeLinesPassed=\count31
\TotalprocessedLines=\count32
\TotalcommentsRemoved=\count33
\TotalcommentsPassed=\count34
\TotalcodeLinesPassed=\count35
\NumberOfFiles=\count36
\inFile=\read0
\inputcheck=\read1
\@tempcnta=\count37
\off@0=\count38
\off@1=\count39
\off@2=\count40
\off@3=\count41
\off@4=\count42
\off@5=\count43
\off@6=\count44
\off@7=\count45
\off@8=\count46
\off@9=\count47
\off@10=\count48
\off@11=\count49
\off@12=\count50
\off@13=\count51
\off@14=\count52
\off@15=\count53
\@temptokena=\toks12
\@maxfiles=\count54
\@maxoutfiles=\count55

Utility: `docstrip' 2.5d <2005/07/29>
English documentation    <1999/03/31>

**********************************************************
* This program converts documented macro-files into fast *
* loadable files by stripping off (nearly) all comments! *
**********************************************************

********************************************************
* No Configuration file found, using default settings. *
********************************************************

(./natbib.ins

Generating file(s) natbib.sty natnotes.tex natbib.ltx 
\openout0 = `natbib.sty'.

\openout1 = `natnotes.tex'.

\openout2 = `natbib.ltx'.


Processing file natbib.dtx (package,all) -> natbib.sty
                           (notes) -> natnotes.tex
                           (driver) -> natbib.ltx
Lines  processed: 5620
Comments removed: 3852
Comments  passed: 6
Codelines passed: 1669

*********************************************
* For documentation, process natbib.dtx     *
*    or the driver file      natbib.ltx     *
* For reference sheet, process natnotes.tex *
*********************************************
) ) )
No pages of output.
